<?xml version="1.0" encoding="UTF-8"?>
<!-- Generated by org.testng.reporters.JUnitReportReporter -->
<testsuite hostname="DESKTOP-P2DB0HG" failures="0" tests="1" name="Apple.Test_Actions.App2" time="0.009" errors="0" timestamp="2025-01-28T10:46:41 IST" skipped="0">
  <testcase classname="Apple.Test_Actions.App2" name="test1" time="0.009"/>
  <system-out/>
</testsuite> <!-- Apple.Test_Actions.App2 -->
